C:\USERS\ADMINISTRATOR\DESKTOP\MYWORK\DEBUG\MYWORK.EXE
C:\USERS\ADMINISTRATOR\DESKTOP\MYWORK\DEBUG\MYWORK.ILK
C:\USERS\ADMINISTRATOR\DESKTOP\MYWORK\DEBUG\MYWORK.PDB
C:\Users\Administrator\Desktop\mywork\mywork\Debug\cl.command.1.tlog
C:\Users\Administrator\Desktop\mywork\mywork\Debug\CL.read.1.tlog
C:\Users\Administrator\Desktop\mywork\mywork\Debug\CL.write.1.tlog
C:\Users\Administrator\Desktop\mywork\mywork\Debug\link.1960.read.1.tlog
C:\Users\Administrator\Desktop\mywork\mywork\Debug\link.1960.write.1.tlog
C:\Users\Administrator\Desktop\mywork\mywork\Debug\link.1960-cvtres.read.1.tlog
C:\Users\Administrator\Desktop\mywork\mywork\Debug\link.1960-cvtres.write.1.tlog
C:\Users\Administrator\Desktop\mywork\mywork\Debug\link.2364.read.1.tlog
C:\Users\Administrator\Desktop\mywork\mywork\Debug\link.2364.write.1.tlog
C:\Users\Administrator\Desktop\mywork\mywork\Debug\link.2364-cvtres.read.1.tlog
C:\Users\Administrator\Desktop\mywork\mywork\Debug\link.2364-cvtres.write.1.tlog
C:\Users\Administrator\Desktop\mywork\mywork\Debug\link.3364.read.1.tlog
C:\Users\Administrator\Desktop\mywork\mywork\Debug\link.3364.write.1.tlog
C:\Users\Administrator\Desktop\mywork\mywork\Debug\link.3364-cvtres.read.1.tlog
C:\Users\Administrator\Desktop\mywork\mywork\Debug\link.3364-cvtres.write.1.tlog
C:\Users\Administrator\Desktop\mywork\mywork\Debug\link.3824.read.1.tlog
C:\Users\Administrator\Desktop\mywork\mywork\Debug\link.3824.write.1.tlog
C:\Users\Administrator\Desktop\mywork\mywork\Debug\link.3824-cvtres.read.1.tlog
C:\Users\Administrator\Desktop\mywork\mywork\Debug\link.3824-cvtres.write.1.tlog
C:\Users\Administrator\Desktop\mywork\mywork\Debug\link.4308.read.1.tlog
C:\Users\Administrator\Desktop\mywork\mywork\Debug\link.4308.write.1.tlog
C:\Users\Administrator\Desktop\mywork\mywork\Debug\link.4308-cvtres.read.1.tlog
C:\Users\Administrator\Desktop\mywork\mywork\Debug\link.4308-cvtres.write.1.tlog
C:\Users\Administrator\Desktop\mywork\mywork\Debug\link.4380.read.1.tlog
C:\Users\Administrator\Desktop\mywork\mywork\Debug\link.4380.write.1.tlog
C:\Users\Administrator\Desktop\mywork\mywork\Debug\link.4380-cvtres.read.1.tlog
C:\Users\Administrator\Desktop\mywork\mywork\Debug\link.4380-cvtres.write.1.tlog
C:\Users\Administrator\Desktop\mywork\mywork\Debug\link.5484.read.1.tlog
C:\Users\Administrator\Desktop\mywork\mywork\Debug\link.5484.write.1.tlog
C:\Users\Administrator\Desktop\mywork\mywork\Debug\link.5484-cvtres.read.1.tlog
C:\Users\Administrator\Desktop\mywork\mywork\Debug\link.5484-cvtres.write.1.tlog
C:\Users\Administrator\Desktop\mywork\mywork\Debug\link.5516.read.1.tlog
C:\Users\Administrator\Desktop\mywork\mywork\Debug\link.5516.write.1.tlog
C:\Users\Administrator\Desktop\mywork\mywork\Debug\link.5516-cvtres.read.1.tlog
C:\Users\Administrator\Desktop\mywork\mywork\Debug\link.5516-cvtres.write.1.tlog
C:\Users\Administrator\Desktop\mywork\mywork\Debug\link.5576.read.1.tlog
C:\Users\Administrator\Desktop\mywork\mywork\Debug\link.5576.write.1.tlog
C:\Users\Administrator\Desktop\mywork\mywork\Debug\link.5576-cvtres.read.1.tlog
C:\Users\Administrator\Desktop\mywork\mywork\Debug\link.5576-cvtres.write.1.tlog
C:\Users\Administrator\Desktop\mywork\mywork\Debug\link.5884.read.1.tlog
C:\Users\Administrator\Desktop\mywork\mywork\Debug\link.5884.write.1.tlog
C:\Users\Administrator\Desktop\mywork\mywork\Debug\link.5884-cvtres.read.1.tlog
C:\Users\Administrator\Desktop\mywork\mywork\Debug\link.5884-cvtres.write.1.tlog
C:\Users\Administrator\Desktop\mywork\mywork\Debug\link.5944.read.1.tlog
C:\Users\Administrator\Desktop\mywork\mywork\Debug\link.5944.write.1.tlog
C:\Users\Administrator\Desktop\mywork\mywork\Debug\link.5944-cvtres.read.1.tlog
C:\Users\Administrator\Desktop\mywork\mywork\Debug\link.5944-cvtres.write.1.tlog
C:\Users\Administrator\Desktop\mywork\mywork\Debug\link.5956.read.1.tlog
C:\Users\Administrator\Desktop\mywork\mywork\Debug\link.5956.write.1.tlog
C:\Users\Administrator\Desktop\mywork\mywork\Debug\link.5956-cvtres.read.1.tlog
C:\Users\Administrator\Desktop\mywork\mywork\Debug\link.5956-cvtres.write.1.tlog
C:\Users\Administrator\Desktop\mywork\mywork\Debug\link.6764.read.1.tlog
C:\Users\Administrator\Desktop\mywork\mywork\Debug\link.6764.write.1.tlog
C:\Users\Administrator\Desktop\mywork\mywork\Debug\link.6764-cvtres.read.1.tlog
C:\Users\Administrator\Desktop\mywork\mywork\Debug\link.6764-cvtres.write.1.tlog
C:\Users\Administrator\Desktop\mywork\mywork\Debug\link.6804.read.1.tlog
C:\Users\Administrator\Desktop\mywork\mywork\Debug\link.6804.write.1.tlog
C:\Users\Administrator\Desktop\mywork\mywork\Debug\link.6804-cvtres.read.1.tlog
C:\Users\Administrator\Desktop\mywork\mywork\Debug\link.6804-cvtres.write.1.tlog
C:\Users\Administrator\Desktop\mywork\mywork\Debug\link.command.1.tlog
C:\Users\Administrator\Desktop\mywork\mywork\Debug\link.read.1.tlog
C:\Users\Administrator\Desktop\mywork\mywork\Debug\link.write.1.tlog
C:\Users\Administrator\Desktop\mywork\mywork\Debug\link-cvtres.read.1.tlog
C:\Users\Administrator\Desktop\mywork\mywork\Debug\link-cvtres.write.1.tlog
C:\USERS\ADMINISTRATOR\DESKTOP\MYWORK\MYWORK\DEBUG\MAINFRM.OBJ
C:\USERS\ADMINISTRATOR\DESKTOP\MYWORK\MYWORK\DEBUG\MODEL.OBJ
C:\Users\Administrator\Desktop\mywork\mywork\Debug\mt.command.1.tlog
C:\Users\Administrator\Desktop\mywork\mywork\Debug\mt.read.1.tlog
C:\Users\Administrator\Desktop\mywork\mywork\Debug\mt.write.1.tlog
C:\Users\Administrator\Desktop\mywork\mywork\Debug\mywork.exe.embed.manifest
C:\USERS\ADMINISTRATOR\DESKTOP\MYWORK\MYWORK\DEBUG\MYWORK.EXE.EMBED.MANIFEST.RES
C:\USERS\ADMINISTRATOR\DESKTOP\MYWORK\MYWORK\DEBUG\MYWORK.EXE.INTERMEDIATE.MANIFEST
C:\USERS\ADMINISTRATOR\DESKTOP\MYWORK\MYWORK\DEBUG\MYWORK.OBJ
C:\USERS\ADMINISTRATOR\DESKTOP\MYWORK\MYWORK\DEBUG\MYWORK.PCH
C:\USERS\ADMINISTRATOR\DESKTOP\MYWORK\MYWORK\DEBUG\MYWORK.RES
C:\Users\Administrator\Desktop\mywork\mywork\Debug\mywork.vcxprojResolveAssemblyReference.cache
C:\Users\Administrator\Desktop\mywork\mywork\Debug\mywork.write.1.tlog
C:\Users\Administrator\Desktop\mywork\mywork\Debug\mywork_manifest.rc
C:\USERS\ADMINISTRATOR\DESKTOP\MYWORK\MYWORK\DEBUG\MYWORKDOC.OBJ
C:\USERS\ADMINISTRATOR\DESKTOP\MYWORK\MYWORK\DEBUG\MYWORKVIEW.OBJ
C:\Users\Administrator\Desktop\mywork\mywork\Debug\rc.command.1.tlog
C:\Users\Administrator\Desktop\mywork\mywork\Debug\rc.read.1.tlog
C:\Users\Administrator\Desktop\mywork\mywork\Debug\rc.write.1.tlog
C:\USERS\ADMINISTRATOR\DESKTOP\MYWORK\MYWORK\DEBUG\STDAFX.OBJ
C:\Users\Administrator\Desktop\mywork\mywork\Debug\vc100.idb
C:\USERS\ADMINISTRATOR\DESKTOP\MYWORK\MYWORK\DEBUG\VC100.PDB
C:\USERS\ADMINISTRATOR\DESKTOP\UPAN\图形学实验\MYWORK\DEBUG\MYWORK.EXE
C:\USERS\ADMINISTRATOR\DESKTOP\UPAN\图形学实验\MYWORK\DEBUG\MYWORK.ILK
C:\USERS\ADMINISTRATOR\DESKTOP\UPAN\图形学实验\MYWORK\DEBUG\MYWORK.PDB
C:\USERS\ADMINISTRATOR\DESKTOP\UPAN\图形学实验\MYWORK\MYWORK\DEBUG\MAINFRM.OBJ
C:\USERS\ADMINISTRATOR\DESKTOP\UPAN\图形学实验\MYWORK\MYWORK\DEBUG\MODEL.OBJ
C:\USERS\ADMINISTRATOR\DESKTOP\UPAN\图形学实验\MYWORK\MYWORK\DEBUG\MYWORK.EXE.EMBED.MANIFEST.RES
C:\USERS\ADMINISTRATOR\DESKTOP\UPAN\图形学实验\MYWORK\MYWORK\DEBUG\MYWORK.EXE.INTERMEDIATE.MANIFEST
C:\USERS\ADMINISTRATOR\DESKTOP\UPAN\图形学实验\MYWORK\MYWORK\DEBUG\MYWORK.OBJ
C:\USERS\ADMINISTRATOR\DESKTOP\UPAN\图形学实验\MYWORK\MYWORK\DEBUG\MYWORK.PCH
C:\USERS\ADMINISTRATOR\DESKTOP\UPAN\图形学实验\MYWORK\MYWORK\DEBUG\MYWORK.RES
C:\USERS\ADMINISTRATOR\DESKTOP\UPAN\图形学实验\MYWORK\MYWORK\DEBUG\MYWORKDOC.OBJ
C:\USERS\ADMINISTRATOR\DESKTOP\UPAN\图形学实验\MYWORK\MYWORK\DEBUG\MYWORKVIEW.OBJ
C:\USERS\ADMINISTRATOR\DESKTOP\UPAN\图形学实验\MYWORK\MYWORK\DEBUG\STDAFX.OBJ
C:\USERS\ADMINISTRATOR\DESKTOP\UPAN\图形学实验\MYWORK\MYWORK\DEBUG\VC100.PDB
C:\USERS\RS\DESKTOP\MYWORK\DEBUG\MYWORK.EXE
C:\USERS\RS\DESKTOP\MYWORK\DEBUG\MYWORK.ILK
C:\USERS\RS\DESKTOP\MYWORK\DEBUG\MYWORK.PDB
C:\USERS\RS\DESKTOP\MYWORK\MYWORK\DEBUG\MAINFRM.OBJ
C:\USERS\RS\DESKTOP\MYWORK\MYWORK\DEBUG\MODEL.OBJ
C:\USERS\RS\DESKTOP\MYWORK\MYWORK\DEBUG\MYWORK.EXE.EMBED.MANIFEST
C:\USERS\RS\DESKTOP\MYWORK\MYWORK\DEBUG\MYWORK.EXE.EMBED.MANIFEST.RES
C:\USERS\RS\DESKTOP\MYWORK\MYWORK\DEBUG\MYWORK.EXE.INTERMEDIATE.MANIFEST
C:\USERS\RS\DESKTOP\MYWORK\MYWORK\DEBUG\MYWORK.OBJ
C:\USERS\RS\DESKTOP\MYWORK\MYWORK\DEBUG\MYWORK.PCH
C:\USERS\RS\DESKTOP\MYWORK\MYWORK\DEBUG\MYWORK.RES
C:\USERS\RS\DESKTOP\MYWORK\MYWORK\DEBUG\MYWORKDOC.OBJ
C:\USERS\RS\DESKTOP\MYWORK\MYWORK\DEBUG\MYWORKVIEW.OBJ
C:\USERS\RS\DESKTOP\MYWORK\MYWORK\DEBUG\STDAFX.OBJ
C:\USERS\RS\DESKTOP\MYWORK\MYWORK\DEBUG\VC100.PDB
F:\UPAN\图形学实验\MYWORK\DEBUG\MYWORK.EXE
F:\UPAN\图形学实验\MYWORK\DEBUG\MYWORK.ILK
F:\UPAN\图形学实验\MYWORK\DEBUG\MYWORK.PDB
F:\UPAN\图形学实验\MYWORK\MYWORK\DEBUG\MAINFRM.OBJ
F:\UPAN\图形学实验\MYWORK\MYWORK\DEBUG\MODEL.OBJ
F:\UPAN\图形学实验\MYWORK\MYWORK\DEBUG\MYWORK.EXE.EMBED.MANIFEST.RES
F:\UPAN\图形学实验\MYWORK\MYWORK\DEBUG\MYWORK.EXE.INTERMEDIATE.MANIFEST
F:\UPAN\图形学实验\MYWORK\MYWORK\DEBUG\MYWORK.OBJ
F:\UPAN\图形学实验\MYWORK\MYWORK\DEBUG\MYWORK.PCH
F:\UPAN\图形学实验\MYWORK\MYWORK\DEBUG\MYWORK.RES
F:\UPAN\图形学实验\MYWORK\MYWORK\DEBUG\MYWORKDOC.OBJ
F:\UPAN\图形学实验\MYWORK\MYWORK\DEBUG\MYWORKVIEW.OBJ
F:\UPAN\图形学实验\MYWORK\MYWORK\DEBUG\STDAFX.OBJ
F:\UPAN\图形学实验\MYWORK\MYWORK\DEBUG\VC100.PDB
